<?xml version="1.0" encoding="UTF-8" ?>
<testsuite tests="3" failures="0" name="com.niit.testcases.SupplierTest" time="14.929" errors="0" skipped="2">
  <properties>
[...]
</properties>
  <testcase classname="com.niit.testcases.SupplierTest" name="updateSupplier" time="8.163">
    <skipped/>
    <system-out>Datasource
Hibernate Properties
Session
Transaction
</system-out>
    <system-err>Oct 17, 2017 7:10:47 PM org.springframework.context.annotation.AnnotationConfigApplicationContext prepareRefresh
INFO: Refreshing org.springframework.context.annotation.AnnotationConfigApplicationContext@2b80d80f: startup date [Tue Oct 17 19:10:47 IST 2017]; root of context hierarchy
Oct 17, 2017 7:10:48 PM org.springframework.jdbc.datasource.DriverManagerDataSource setDriverClassName
INFO: Loaded JDBC driver: org.h2.Driver
Oct 17, 2017 7:10:49 PM org.hibernate.Version logVersion
INFO: HHH000412: Hibernate Core {5.2.10.Final}
Oct 17, 2017 7:10:49 PM org.hibernate.cfg.Environment &lt;clinit&gt;
INFO: HHH000206: hibernate.properties not found
Oct 17, 2017 7:10:49 PM org.hibernate.annotations.common.reflection.java.JavaReflectionManager &lt;clinit&gt;
INFO: HCANN000001: Hibernate Commons Annotations {5.0.1.Final}
Oct 17, 2017 7:10:49 PM org.hibernate.dialect.Dialect &lt;init&gt;
INFO: HHH000400: Using dialect: org.hibernate.dialect.H2Dialect
Oct 17, 2017 7:10:51 PM org.hibernate.validator.internal.util.Version &lt;clinit&gt;
INFO: HV000001: Hibernate Validator 5.4.1.Final
Oct 17, 2017 7:10:54 PM org.springframework.orm.hibernate5.HibernateTransactionManager afterPropertiesSet
INFO: Using DataSource [org.springframework.jdbc.datasource.DriverManagerDataSource@4afcd809] of Hibernate SessionFactory for HibernateTransactionManager
</system-err>
  </testcase>
  <testcase classname="com.niit.testcases.SupplierTest" name="createSupplier" time="3.383"/>
  <testcase classname="com.niit.testcases.SupplierTest" name="deleteSupplier" time="3.383">
    <skipped/>
  </testcase>
</testsuite>